


ARM Macro Assembler    Page 1 


    1 00000000         ;/* Assembly Program to find square of Number         */
                       
    2 00000000         ;/* GIVEN NUMBER IS 6 (R1) THEN RESULT IS IN R3=24H(36) 
                            */
    3 00000000         ;/* SET A BREAKPOINT AT NOP INSTRUCTION,RUN THE PROGRAM 
                       & CHECK THE RESULT  */ 
    4 00000000         ;/* PROGRAM WRITTEN BY ALS R&D TEAM BENGALURU DATE:08/08
                       /2011    */ 
    5 00000000         
    6 00000000                 AREA             SQUARE , CODE, READONLY
    7 00000000         
    8 00000000         ENTRY                                ;Mark first instruc
                                                            tion to execute
    9 00000000         
   10 00000000         START
   11 00000000         
   12 00000000 E59F0044        LDR              R0, = TABLE1 ; Load start addre
                                                            ss of Lookup table 
                                                             
   13 00000004 E3A01009        LDR              R1,= 9      ; Load no whose squ
                                                            are is to be find 
   14 00000008 E1A01101        MOV              R1, R1, LSL#0x2 ; Generate addr
                                                            ess corresponding t
                                                            o square of given n
                                                            o
   15 0000000C E0800001        ADD              R0, R0, R1  ; Load address of e
                                                            lement in Lookup ta
                                                            ble
   16 00000010 E5903000        LDR              R3, [R0]    ; Get square of giv
                                                            en no in R3
   17 00000014         
   18 00000014 E1A00000        NOP
   19 00000018 E1A00000        NOP
   20 0000001C E1A00000        NOP
   21 00000020         
   22 00000020         ;Lookup table contains Squares of nos from 0 to 10 (in h
                       ex)  
   23 00000020         
   24 00000020 00000000 
                       TABLE1  DCD              0X00000000  ;  SQUARE OF 0=0
   25 00000024 00000001        DCD              0X00000001  ;  SQUARE OF 1=1
   26 00000028 00000004        DCD              0X00000004  ;  SQUARE OF 2=4
   27 0000002C 00000009        DCD              0X00000009  ;  SQUARE OF 3=9
   28 00000030 00000010        DCD              0X00000010  ;  SQUARE OF 4=16
   29 00000034 00000019        DCD              0X00000019  ;  SQUARE OF 5=25
   30 00000038 00000024        DCD              0X00000024  ;  SQUARE OF 6=36
   31 0000003C 00000031        DCD              0X00000031  ;  SQUARE OF 7=49
   32 00000040 00000040        DCD              0X00000040  ;  SQUARE OF 8=64
   33 00000044 00000051        DCD              0X00000051  ;  SQUARE OF 9=81
   34 00000048 00000064        DCD              0X00000064  ;   SQUARE OF 10=10
                                                            0
   35 0000004C         
   36 0000004C                 END                          ; Mark end of file
              00000000 
Command Line: --debug --xref --apcs=interwork --depend=SQUARE.d -oSQUARE.o -IC:
\Keil4\ARM\CMSIS\Include -IC:\Keil4\ARM\INC\Philips --predefine="__EVAL SETA 1"
 --list=SQUARE.lst SQUARE.S



ARM Macro Assembler    Page 1 Alphabetic symbol ordering
Relocatable symbols

ENTRY 00000000

Symbol: ENTRY
   Definitions
      At line 8 in file SQUARE.S
   Uses
      None
Comment: ENTRY unused
SQUARE 00000000

Symbol: SQUARE
   Definitions
      At line 6 in file SQUARE.S
   Uses
      None
Comment: SQUARE unused
START 00000000

Symbol: START
   Definitions
      At line 10 in file SQUARE.S
   Uses
      None
Comment: START unused
TABLE1 00000020

Symbol: TABLE1
   Definitions
      At line 24 in file SQUARE.S
   Uses
      At line 12 in file SQUARE.S
Comment: TABLE1 used once
4 symbols
330 symbols in table
