


ARM Macro Assembler    Page 1 


    1 00000000         ;/* PROGRAM TO sort in Descending order            */
    2 00000000         ;/* ARRAY OF 4 NUMBERS 0X44444444 ,0X11111111,0X33333333
                       ,0X22222222     */
    3 00000000         ;/* SET A BREAKPOINT AT START1 LABLE & RUN THE PROGRAM  
                              */
    4 00000000         ;/* CHECK THE UNSORTED NUMBERS AT LOCATION 0X40000000 NE
                       XT       */
    5 00000000         ;/* SET A BREAKPOINT AT NOP INSTRUCTION,RUN THE PROGRAM 
                       & CHECK THE RESULT    */ 
    6 00000000         ;/* RESULT CAN BE VIEWED AT LOCATION 0X40000000         
                        */
    7 00000000         ;/* PROGRAM WRITTEN BY ALS R&D TEAM BENGALURU DATE:08/08
                       /2011      */ 
    8 00000000         
    9 00000000                 AREA             DESCENDING , CODE, READONLY
   10 00000000         
   11 00000000         ENTRY                                ;Mark first instruc
                                                            tion to execute
   12 00000000         
   13 00000000         START
   14 00000000         
   15 00000000 E3A08004        MOV              R8,#4       ; INTIALISE COUNTER
                                                             TO 4(i.e. N=4)
   16 00000004 E59F2070        LDR              R2,=CVALUE  ; ADDRESS OF CODE R
                                                            EGION
   17 00000008 E59F3070        LDR              R3,=DVALUE  ; ADDRESS OF DATA R
                                                            EGION
   18 0000000C         
   19 0000000C         LOOP0
   20 0000000C E4921004        LDR              R1,[R2],#4  ;  LOADING VALUES F
                                                            ROM CODE REGION
   21 00000010 E4831004        STR              R1,[R3],#4  ;  STORING VALUES T
                                                            O DATA REGION
   22 00000014         
   23 00000014 E2588001        SUBS             R8,R8,#1    ; DECREMENT COUNTER
                                                            
   24 00000018 E3580000        CMP              R8,#0       ; COMPARE COUNTER T
                                                            O 0
   25 0000001C 1AFFFFFA        BNE              LOOP0       ; LOOP BACK TILL AR
                                                            RAY ENDS
   26 00000020         
   27 00000020 E3A05003 
                       START1  MOV              R5,#3       ; INTIALISE COUNTER
                                                             TO 3(i.e. N=4)
   28 00000024 E3A07000        MOV              R7,#0       ; FLAG TO DENOTE EX
                                                            CHANGE HAS OCCURED 
                                                            
   29 00000028 E59F1050        LDR              R1,=DVALUE  ; LOADS THE ADDRESS
                                                             OF FIRST VALUE
   30 0000002C         
   31 0000002C E4912004 
                       LOOP    LDR              R2,[R1],#4  ; WORD ALIGN T0 ARR
                                                            AY ELEMENT 
   32 00000030 E5913000        LDR              R3,[R1]     ; LOAD SECOND NUMBE
                                                            R
   33 00000034 E1520003        CMP              R2,R3       ; COMPARE NUMBERS
   34 00000038 CA000003        BGT              LOOP2       ; IF THE FIRST NUMB
                                                            ER IS > THEN GOTO L
                                                            OOP2



ARM Macro Assembler    Page 2 


   35 0000003C E4012004        STR              R2,[R1],#-4 ; INTERCHANGE NUMBE
                                                            R R2 & R3
   36 00000040 E5813000        STR              R3,[R1]     ; INTERCHANGE NUMBE
                                                            R R2 & R3
   37 00000044 E3A07001        MOV              R7,#1       ; FLAG DENOTING EXC
                                                            HANGE HAS TAKEN PLA
                                                            CE
   38 00000048 E2811004        ADD              R1,#4       ; RESTORE THE PTR
   39 0000004C         
   40 0000004C         LOOP2
   41 0000004C E2555001        SUBS             R5,R5,#1    ; DECREMENT COUNTER
                                                            
   42 00000050 E3550000        CMP              R5,#0       ; COMPARE COUNTER T
                                                            O 0
   43 00000054 1AFFFFF4        BNE              LOOP        ; LOOP BACK TILL AR
                                                            RAY ENDS 
   44 00000058 E3570000        CMP              R7,#0       ; COMPARING FLAG 
   45 0000005C 1AFFFFEF        BNE              START1      ; IF FLAG IS NOT ZE
                                                            RO THEN GO TO START
                                                            1 LOOP
   46 00000060         
   47 00000060 E1A00000        NOP
   48 00000064 E1A00000        NOP
   49 00000068 E1A00000        NOP
   50 0000006C         
   51 0000006C         
   52 0000006C         ; ARRAY OF 32 BIT NUMBERS(N=4) IN CODE REGION
   53 0000006C         
   54 0000006C         CVALUE
   55 0000006C 44444444        DCD              0X44444444  ;
   56 00000070 11111111        DCD              0X11111111  ;
   57 00000074 33333333        DCD              0X33333333  ;
   58 00000078 22222222        DCD              0X22222222  ;  
   59 0000007C         
   60 0000007C         
   61 0000007C 00000000 
              00000000 
              00000000         AREA             DATA1,DATA,READWRITE ;
   62 00000000         ; ARRAY OF 32 BIT NUMBERS IN DATA REGION
   63 00000000         DVALUE
   64 00000000 00000000        DCD              0X00000000  ;
   65 00000004         
   66 00000004                 END                          ; Mark end of file
Command Line: --debug --xref --apcs=interwork --depend=DESCENDING.d -oDESCENDIN
G.o -IC:\Keil4\ARM\CMSIS\Include -IC:\Keil4\ARM\INC\Philips --predefine="__EVAL
 SETA 1" --list=DESCENDING.lst DESCENDING.S



ARM Macro Assembler    Page 1 Alphabetic symbol ordering
Relocatable symbols

CVALUE 0000006C

Symbol: CVALUE
   Definitions
      At line 54 in file DESCENDING.S
   Uses
      At line 16 in file DESCENDING.S
Comment: CVALUE used once
DESCENDING 00000000

Symbol: DESCENDING
   Definitions
      At line 9 in file DESCENDING.S
   Uses
      None
Comment: DESCENDING unused
ENTRY 00000000

Symbol: ENTRY
   Definitions
      At line 11 in file DESCENDING.S
   Uses
      None
Comment: ENTRY unused
LOOP 0000002C

Symbol: LOOP
   Definitions
      At line 31 in file DESCENDING.S
   Uses
      At line 43 in file DESCENDING.S
Comment: LOOP used once
LOOP0 0000000C

Symbol: LOOP0
   Definitions
      At line 19 in file DESCENDING.S
   Uses
      At line 25 in file DESCENDING.S
Comment: LOOP0 used once
LOOP2 0000004C

Symbol: LOOP2
   Definitions
      At line 40 in file DESCENDING.S
   Uses
      At line 34 in file DESCENDING.S
Comment: LOOP2 used once
START 00000000

Symbol: START
   Definitions
      At line 13 in file DESCENDING.S
   Uses
      None
Comment: START unused
START1 00000020

Symbol: START1



ARM Macro Assembler    Page 2 Alphabetic symbol ordering
Relocatable symbols

   Definitions
      At line 27 in file DESCENDING.S
   Uses
      At line 45 in file DESCENDING.S
Comment: START1 used once
8 symbols



ARM Macro Assembler    Page 1 Alphabetic symbol ordering
Relocatable symbols

DATA1 00000000

Symbol: DATA1
   Definitions
      At line 61 in file DESCENDING.S
   Uses
      None
Comment: DATA1 unused
DVALUE 00000000

Symbol: DVALUE
   Definitions
      At line 63 in file DESCENDING.S
   Uses
      At line 17 in file DESCENDING.S
      At line 29 in file DESCENDING.S

2 symbols
336 symbols in table
