


ARM Macro Assembler    Page 1 


    1 00000000         ;/* PROGRAM TO COUNT THE NUMBER OF ONES & ZEROS IN TWO C
                       ONSECUTIVE MEMORY LOCATIONS */
    2 00000000         ;/* WE TOOK TWO NUMBERS i.e. 0X11111111,0XAA55AA55 (R0) 
                             */
    3 00000000         ;/* CHECK THE RESULT IN R2 FOR ONES & R3 FOR ZEROS      
                          */
    4 00000000         ;/* SET A BREAKPOINT AT NOP INSTRUCTION,RUN THE PROGRAM 
                       & CHECK THE RESULT    */ 
    5 00000000         ;/* PROGRAM WRITTEN BY ALS R&D TEAM BENGALURU DATE:08/08
                       /2011      */ 
    6 00000000         
    7 00000000                 AREA             ONEZERO , CODE, READONLY
    8 00000000         
    9 00000000         ENTRY                                ;Mark first instruc
                                                            tion to execute
   10 00000000         
   11 00000000         START
   12 00000000         
   13 00000000 E3A02000        MOV              R2,#0       ; COUNTER FOR ONES
   14 00000004 E3A03000        MOV              R3,#0       ; COUNTER FOR ZEROS
                                                            
   15 00000008 E3A07003        MOV              R7,#3       ; COUNTER TO GET TW
                                                            O WORDS
   16 0000000C E59F6044        LDR              R6,=VALUE   ; LOADS THE ADDRESS
                                                             OF VALUE
   17 00000010         
   18 00000010 E3A01020 
                       LOOP    MOV              R1,#32      ; 32 BITS COUNTER
   19 00000014 E4960004        LDR              R0,[R6],#4  ; GET THE 32 BIT VA
                                                            LUE
   20 00000018         
   21 00000018 E1B000E0 
                       LOOP0   MOVS             R0,R0,ROR #1 ; RIGHT SHIFT TO C
                                                            HECK CARRY BIT (1's
                                                            /0's)
   22 0000001C 8A000001        BHI              ONES        ; IF CARRY BIT IS 1
                                                             GOTO ONES BRANCH O
                                                            THERWISE NEXT
   23 00000020         
   24 00000020 E2833001 
                       ZEROS   ADD              R3,R3,#1    ; IF CARRY BIT IS 0
                                                             THEN INCREMENT THE
                                                             COUNTER BY 1(R3)
   25 00000024 EA000000        B                LOOP1       ; BRANCH TO LOOP1
   26 00000028         
   27 00000028 E2822001 
                       ONES    ADD              R2,R2,#1    ; IF CARRY BIT IS 1
                                                             THEN INCREMENT THE
                                                             COUNTER BY 1(R2)
   28 0000002C         
   29 0000002C E2511001 
                       LOOP1   SUBS             R1,R1,#1    ; COUNTER VALUE DEC
                                                            REMENTED BY 1
   30 00000030 1AFFFFF8        BNE              LOOP0       ; IF NOT EQUAL GOTO
                                                             TO LOOP0 CHECKS 32
                                                            BIT
   31 00000034         
   32 00000034 E2577001        SUBS             R7,R7,#1    ; COUNTER VALUE DEC
                                                            REMENTED BY 1



ARM Macro Assembler    Page 2 


   33 00000038 E3570000        CMP              R7,#0       ; COMPARE COUNTER R
                                                            7 TO 0
   34 0000003C 1AFFFFF3        BNE              LOOP        ; IF NOT EQUAL GOTO
                                                             TO LOOP
   35 00000040         
   36 00000040 E1A00000        NOP
   37 00000044 E1A00000        NOP
   38 00000048 E1A00000        NOP
   39 0000004C         
   40 0000004C         
   41 0000004C 11111111 
              AA55AA55 
              ABCDEF11 VALUE   DCD              0X11111111,0XAA55AA55,0Xabcdef1
1 
                                                            ;   TWO VALUES IN A
                                                            N ARRAY 
   42 00000058         
   43 00000058                 END                          ; Mark end of file
              00000000 
Command Line: --debug --xref --apcs=interwork --depend=ONEZERO.d -oONEZERO.o -I
C:\Keil4\ARM\CMSIS\Include -IC:\Keil4\ARM\INC\Philips --predefine="__EVAL SETA 
1" --list=ONEZERO.lst ONEZERO.S



ARM Macro Assembler    Page 1 Alphabetic symbol ordering
Relocatable symbols

ENTRY 00000000

Symbol: ENTRY
   Definitions
      At line 9 in file ONEZERO.S
   Uses
      None
Comment: ENTRY unused
LOOP 00000010

Symbol: LOOP
   Definitions
      At line 18 in file ONEZERO.S
   Uses
      At line 34 in file ONEZERO.S
Comment: LOOP used once
LOOP0 00000018

Symbol: LOOP0
   Definitions
      At line 21 in file ONEZERO.S
   Uses
      At line 30 in file ONEZERO.S
Comment: LOOP0 used once
LOOP1 0000002C

Symbol: LOOP1
   Definitions
      At line 29 in file ONEZERO.S
   Uses
      At line 25 in file ONEZERO.S
Comment: LOOP1 used once
ONES 00000028

Symbol: ONES
   Definitions
      At line 27 in file ONEZERO.S
   Uses
      At line 22 in file ONEZERO.S
Comment: ONES used once
ONEZERO 00000000

Symbol: ONEZERO
   Definitions
      At line 7 in file ONEZERO.S
   Uses
      None
Comment: ONEZERO unused
START 00000000

Symbol: START
   Definitions
      At line 11 in file ONEZERO.S
   Uses
      None
Comment: START unused
VALUE 0000004C

Symbol: VALUE



ARM Macro Assembler    Page 2 Alphabetic symbol ordering
Relocatable symbols

   Definitions
      At line 41 in file ONEZERO.S
   Uses
      At line 16 in file ONEZERO.S
Comment: VALUE used once
ZEROS 00000020

Symbol: ZEROS
   Definitions
      At line 24 in file ONEZERO.S
   Uses
      None
Comment: ZEROS unused
9 symbols
335 symbols in table
