


ARM Macro Assembler    Page 1 


    1 00000000         ;/* PROGRAM TO FIND FACTORIAL OF A GIVEN NUMBER        *
                       /
    2 00000000         ;/* In this example we have taken n=7          */
    3 00000000         ;/* Check the result in R0/R3 register =13B0H (5040)    
                         */
    4 00000000         ;/* SET A BREAKPOINT AT NOP INSTRUCTION,RUN THE PROGRAM 
                       & CHECK THE RESULT  */ 
    5 00000000         ;/* PROGRAM WRITTEN BY ALS R&D TEAM BENGALURU DATE:08/08
                       /2011    */ 
    6 00000000         
    7 00000000                 AREA             FACTORIAL , CODE, READONLY
    8 00000000         
    9 00000000         ENTRY                                ;Mark first instruc
                                                            tion to execute
   10 00000000         
   11 00000000         START
   12 00000000         
   13 00000000 E3A00007        MOV              r0, #7      ; STORE FACTORIAL N
                                                            UMBER IN R0
   14 00000004 E1A01000        MOV              r1,r0       ; MOVE THE SAME NUM
                                                            BER IN R1
   15 00000008         
   16 00000008 E2511001 
                       FACT    SUBS             r1, r1, #1  ; SUBTRACTION
   17 0000000C E3510001        CMP              r1, #1      ; COMPARISON
   18 00000010 0A000002        BEQ              STOP
   19 00000014 E0030190        MUL              r3,r0,r1    ;            ; MULT
                                                            IPLICATION
   20 00000018 E1A00003        MOV              r0,r3       ; Result
   21 0000001C 1AFFFFF9        BNE              FACT        ; BRANCH TO THE LOO
                                                            P IF NOT EQUAL
   22 00000020         STOP
   23 00000020         
   24 00000020 E1A00000        NOP
   25 00000024 E1A00000        NOP
   26 00000028 E1A00000        NOP
   27 0000002C         
   28 0000002C                 END                          ;Mark end of file
Command Line: --debug --xref --apcs=interwork --depend=.\factorial.d -o.\factor
ial.o -IC:\Keil4\ARM\RV31\INC -IC:\Keil4\ARM\CMSIS\Include -IC:\Keil4\ARM\Inc\P
hilips --predefine="__EVAL SETA 1" --list=.\factorial.lst FACTORIAL.S



ARM Macro Assembler    Page 1 Alphabetic symbol ordering
Relocatable symbols

ENTRY 00000000

Symbol: ENTRY
   Definitions
      At line 9 in file FACTORIAL.S
   Uses
      None
Comment: ENTRY unused
FACT 00000008

Symbol: FACT
   Definitions
      At line 16 in file FACTORIAL.S
   Uses
      At line 21 in file FACTORIAL.S
Comment: FACT used once
FACTORIAL 00000000

Symbol: FACTORIAL
   Definitions
      At line 7 in file FACTORIAL.S
   Uses
      None
Comment: FACTORIAL unused
START 00000000

Symbol: START
   Definitions
      At line 11 in file FACTORIAL.S
   Uses
      None
Comment: START unused
STOP 00000020

Symbol: STOP
   Definitions
      At line 22 in file FACTORIAL.S
   Uses
      At line 18 in file FACTORIAL.S
Comment: STOP used once
5 symbols
336 symbols in table
