


ARM Macro Assembler    Page 1 


    1 00000000         ;/* PROGRAM TO ADD an array of 16BIT NUMBERS & STORE IN 
                       INTERNAL RAM      */
    2 00000000         ;/* ARRAY OF 6 NUMBERS 0X1111,0X2222,0X3333,0XAAAA,0XBBB
                       B,0XCCCC     */
    3 00000000         ;/* THE SUM IS 29997H THE RESULT CAN BE VIEWED IN LOCATI
                       ON 0X40000000 & ALSO IN R0 */
    4 00000000         ;/* SET A BREAKPOINT AT NOP INSTRUCTION,RUN THE PROGRAM 
                       & CHECK THE RESULT    */ 
    5 00000000         ;/* PROGRAM WRITTEN BY ALS R&D TEAM BENGALURU DATE:08/08
                       /2011      */ 
    6 00000000         
    7 00000000                 AREA             ADDITION , CODE, READONLY
    8 00000000         
    9 00000000         ENTRY                                ;Mark first instruc
                                                            tion to execute
   10 00000000         
   11 00000000         START
   12 00000000 E3A05006        MOV              R5,#6       ; INTIALISE COUNTER
                                                             TO 6(i.e. N=6)
   13 00000004 E3A00000        MOV              R0,#0       ; INTIALISE SUM TO 
                                                            ZERO
   14 00000008 E59F103C        LDR              R1,=VALUE1  ; LOADS THE ADDRESS
                                                             OF FIRST VALUE
   15 0000000C         LOOP
   16 0000000C E4912002        LDR              R2,[R1],#2  ; WORD ALIGN T0 ARR
                                                            AY ELEMENT
   17 00000010 E59F3024        LDR              R3,MASK     ; MASK TO GET 16 BI
                                                            T
   18 00000014 E0022003        AND              R2,R2,R3    ; MASK MSB
   19 00000018 E0800002        ADD              R0,R0,R2    ; ADD THE ELEMENTS
   20 0000001C E2555001        SUBS             R5,R5,#1    ; DECREMENT COUNTER
                                                            
   21 00000020 E3550000        CMP              R5,#0       ;
   22 00000024 1AFFFFF8        BNE              LOOP        ;  LOOK BACK TILL A
                                                            RRAY ENDS
   23 00000028         
   24 00000028 E59F4020        LDR              R4,=RESULT  ; LOADS THE ADDRESS
                                                             OF RESULT 
   25 0000002C E5840000        STR              R0,[R4]     ; STORES THE RESULT
                                                             IN R1
   26 00000030         
   27 00000030 E1A00000        NOP
   28 00000034 E1A00000        NOP
   29 00000038 E1A00000        NOP
   30 0000003C         
   31 0000003C 0000FFFF 
                       MASK    DCD              0X0000FFFF  ;  MASK MSB
   32 00000040         
   33 00000040 11 11 22 
              22 33 33 
              AA AA BB 
              BB CC CC VALUE1  DCW              0X1111,0X2222,0X3333,0XAAAA,0XB
BBB,0XCCCC 
                                                            ; ARRAY OF 16 BIT N
                                                            UMBERS(N=6)
   34 0000004C         
   35 0000004C         
   36 0000004C         
   37 0000004C 00000000 



ARM Macro Assembler    Page 2 


              00000000         AREA             DATA2,DATA,READWRITE ; TO STORE
                                                             RESULT IN GIVEN AD
                                                            DRESS   
   38 00000000 00000000 
                       RESULT  DCD              0X0
   39 00000004         
   40 00000004                 END                          ; Mark end of file
Command Line: --debug --xref --apcs=interwork --depend=ADD.d -oADD.o -IC:\Keil4
\ARM\CMSIS\Include -IC:\Keil4\ARM\INC\Philips --predefine="__EVAL SETA 1" --lis
t=ADD.lst ADD.S



ARM Macro Assembler    Page 1 Alphabetic symbol ordering
Relocatable symbols

ADDITION 00000000

Symbol: ADDITION
   Definitions
      At line 7 in file ADD.S
   Uses
      None
Comment: ADDITION unused
ENTRY 00000000

Symbol: ENTRY
   Definitions
      At line 9 in file ADD.S
   Uses
      None
Comment: ENTRY unused
LOOP 0000000C

Symbol: LOOP
   Definitions
      At line 15 in file ADD.S
   Uses
      At line 22 in file ADD.S
Comment: LOOP used once
MASK 0000003C

Symbol: MASK
   Definitions
      At line 31 in file ADD.S
   Uses
      At line 17 in file ADD.S
Comment: MASK used once
START 00000000

Symbol: START
   Definitions
      At line 11 in file ADD.S
   Uses
      None
Comment: START unused
VALUE1 00000040

Symbol: VALUE1
   Definitions
      At line 33 in file ADD.S
   Uses
      At line 14 in file ADD.S
Comment: VALUE1 used once
6 symbols



ARM Macro Assembler    Page 1 Alphabetic symbol ordering
Relocatable symbols

DATA2 00000000

Symbol: DATA2
   Definitions
      At line 37 in file ADD.S
   Uses
      None
Comment: DATA2 unused
RESULT 00000000

Symbol: RESULT
   Definitions
      At line 38 in file ADD.S
   Uses
      At line 24 in file ADD.S
Comment: RESULT used once
2 symbols
334 symbols in table
